\BOOKMARK [0][-]{chapter*.1}{\376\377\000P\000r\000e\000f\000a\000c\000e}{}% 1
\BOOKMARK [0][-]{chapter.1}{\376\377\000V\000e\000c\000t\000o\000r\000s\000\040\000a\000n\000d\000\040\000M\000a\000t\000r\000i\000c\000e\000s}{}% 2
\BOOKMARK [1][-]{section.1.1}{\376\377\000L\000e\000c\000t\000u\000r\000e\000\040\0001\000:\000\040\000A\000u\000g\000u\000s\000t\000\040\0002\0002\000,\000\040\0002\0000\0002\0002}{chapter.1}% 3
\BOOKMARK [2][-]{subsection.1.1.1}{\376\377\000N\000o\000t\000a\000t\000i\000o\000n\000s\000,\000\040\000D\000e\000f\000i\000n\000i\000t\000i\000o\000n\000s\000,\000\040\000a\000n\000d\000\040\000C\000o\000n\000v\000e\000n\000t\000i\000o\000n\000s}{section.1.1}% 4
\BOOKMARK [1][-]{section.1.2}{\376\377\000L\000e\000c\000t\000u\000r\000e\000\040\0002\000:\000\040\000A\000u\000g\000u\000s\000t\000\040\0002\0004\000,\000\040\0002\0000\0002\0002}{chapter.1}% 5
\BOOKMARK [2][-]{subsection.1.2.1}{\376\377\000V\000e\000c\000t\000o\000r\000\040\000O\000p\000e\000r\000a\000t\000i\000o\000n\000s}{section.1.2}% 6
\BOOKMARK [1][-]{section.1.3}{\376\377\000L\000e\000c\000t\000u\000r\000e\000\040\0003\000:\000\040\000A\000u\000g\000u\000s\000t\000\040\0002\0006\000,\000\040\0002\0000\0002\0002}{chapter.1}% 7
\BOOKMARK [2][-]{subsection.1.3.1}{\376\377\000M\000a\000t\000r\000i\000c\000e\000s}{section.1.3}% 8
\BOOKMARK [1][-]{section.1.4}{\376\377\000L\000e\000c\000t\000u\000r\000e\000\040\0004\000:\000\040\000A\000u\000g\000u\000s\000t\000\040\0002\0009\000,\000\040\0002\0000\0002\0002}{chapter.1}% 9
\BOOKMARK [2][-]{subsection.1.4.1}{\376\377\000T\000h\000e\000\040\000D\000o\000t\000\040\000P\000r\000o\000d\000u\000c\000t}{section.1.4}% 10
\BOOKMARK [1][-]{section.1.5}{\376\377\000L\000e\000c\000t\000u\000r\000e\000\040\0005\000:\000\040\000A\000u\000g\000u\000s\000t\000\040\0003\0001\000,\000\040\0002\0000\0002\0002}{chapter.1}% 11
\BOOKMARK [2][-]{subsection.1.5.1}{\376\377\000M\000a\000t\000r\000i\000x\000\040\000M\000u\000l\000t\000i\000p\000l\000i\000c\000a\000t\000i\000o\000n}{section.1.5}% 12
\BOOKMARK [0][-]{chapter.2}{\376\377\000S\000y\000s\000t\000e\000m\000s\000\040\000o\000f\000\040\000L\000i\000n\000e\000a\000r\000\040\000E\000q\000u\000a\000t\000i\000o\000n\000s}{}% 13
\BOOKMARK [1][-]{section.2.1}{\376\377\000L\000e\000c\000t\000u\000r\000e\000\040\0006\000:\000\040\000S\000e\000p\000t\000e\000m\000b\000e\000r\000\040\0002\000,\000\040\0002\0000\0002\0002}{chapter.2}% 14
\BOOKMARK [2][-]{subsection.2.1.1}{\376\377\000S\000y\000s\000t\000e\000m\000s\000\040\000o\000f\000\040\000L\000i\000n\000e\000a\000r\000\040\000E\000q\000u\000a\000t\000i\000o\000n\000s}{section.2.1}% 15
\BOOKMARK [1][-]{section.2.2}{\376\377\000L\000e\000c\000t\000u\000r\000e\000\040\0007\000:\000\040\000S\000e\000p\000t\000e\000m\000b\000e\000r\000\040\0007\000,\000\040\0002\0000\0002\0002}{chapter.2}% 16
\BOOKMARK [2][-]{subsection.2.2.1}{\376\377\000S\000y\000s\000t\000e\000m\000s\000\040\000o\000f\000\040\000L\000i\000n\000e\000a\000r\000\040\000E\000q\000u\000a\000t\000i\000o\000n\000s\000\040\000a\000s\000\040\000M\000a\000t\000r\000i\000c\000e\000s}{section.2.2}% 17
\BOOKMARK [2][-]{subsection.2.2.2}{\376\377\000M\000a\000t\000r\000i\000x\000\040\000R\000o\000w\000\040\000O\000p\000e\000r\000a\000t\000i\000o\000n\000s}{section.2.2}% 18
\BOOKMARK [1][-]{section.2.3}{\376\377\000L\000e\000c\000t\000u\000r\000e\000\040\0008\000:\000\040\000S\000e\000p\000t\000e\000m\000b\000e\000r\000\040\0009\000,\000\040\0002\0000\0002\0002}{chapter.2}% 19
\BOOKMARK [2][-]{subsection.2.3.1}{\376\377\000S\000o\000l\000v\000i\000n\000g\000\040\000L\000i\000n\000e\000a\000r\000\040\000S\000y\000s\000t\000e\000m\000s\000:\000\040\000G\000a\000u\000s\000s\000i\000a\000n\000\040\000E\000l\000i\000m\000i\000n\000a\000t\000i\000o\000n}{section.2.3}% 20
\BOOKMARK [1][-]{section.2.4}{\376\377\000L\000e\000c\000t\000u\000r\000e\000\040\0009\000:\000\040\000S\000e\000p\000t\000e\000m\000b\000e\000r\000\040\0001\0002\000,\000\040\0002\0000\0002\0002}{chapter.2}% 21
\BOOKMARK [2][-]{subsection.2.4.1}{\376\377\000F\000o\000r\000m\000a\000l\000i\000z\000i\000n\000g\000\040\000P\000r\000e\000v\000i\000o\000u\000s\000\040\000N\000o\000t\000i\000o\000n\000s\000:\000\040\000P\000a\000r\000t\000\040\000I}{section.2.4}% 22
\BOOKMARK [1][-]{section.2.5}{\376\377\000L\000e\000c\000t\000u\000r\000e\000\040\0001\0000\000:\000\040\000S\000e\000p\000t\000e\000m\000b\000e\000r\000\040\0001\0004\000,\000\040\0002\0000\0002\0002}{chapter.2}% 23
\BOOKMARK [2][-]{subsection.2.5.1}{\376\377\000F\000o\000r\000m\000a\000l\000i\000z\000i\000n\000g\000\040\000P\000r\000e\000v\000i\000o\000u\000s\000\040\000N\000o\000t\000i\000o\000n\000s\000:\000\040\000P\000a\000r\000t\000\040\000I\000I}{section.2.5}% 24
\BOOKMARK [1][-]{section.2.6}{\376\377\000L\000e\000c\000t\000u\000r\000e\000\040\0001\0001\000:\000\040\000S\000e\000p\000t\000e\000m\000b\000e\000r\000\040\0001\0006\000,\000\040\0002\0000\0002\0002}{chapter.2}% 25
\BOOKMARK [2][-]{subsection.2.6.1}{\376\377\000L\000i\000n\000e\000a\000r\000\040\000M\000a\000p\000s}{section.2.6}% 26
\BOOKMARK [1][-]{section.2.7}{\376\377\000L\000e\000c\000t\000u\000r\000e\000\040\0001\0002\000:\000\040\000S\000e\000p\000t\000e\000m\000b\000e\000r\000\040\0001\0009\000,\000\040\0002\0000\0002\0002}{chapter.2}% 27
\BOOKMARK [2][-]{subsection.2.7.1}{\376\377\000I\000n\000v\000e\000r\000s\000e\000s\000\040\000o\000f\000\040\000M\000a\000t\000r\000i\000c\000e\000s}{section.2.7}% 28
\BOOKMARK [1][-]{section.2.8}{\376\377\000L\000e\000c\000t\000u\000r\000e\000\040\0001\0003\000:\000\040\000S\000e\000p\000t\000e\000m\000b\000e\000r\000\040\0002\0001\000,\000\040\0002\0000\0002\0002}{chapter.2}% 29
\BOOKMARK [2][-]{subsection.2.8.1}{\376\377\000F\000i\000n\000d\000i\000n\000g\000\040\000I\000n\000v\000e\000r\000s\000e\000s\000\040\000o\000f\000\040\000M\000a\000t\000r\000i\000c\000e\000s}{section.2.8}% 30
\BOOKMARK [0][-]{chapter.3}{\376\377\000D\000e\000t\000e\000r\000m\000i\000n\000a\000n\000t\000s\000\040\000a\000n\000d\000\040\000E\000i\000g\000e\000n\000v\000a\000l\000u\000e\000s}{}% 31
\BOOKMARK [1][-]{section.3.1}{\376\377\000L\000e\000c\000t\000u\000r\000e\000\040\0001\0003\000:\000\040\000S\000e\000p\000t\000e\000m\000b\000e\000r\000\040\0002\0001\000,\000\040\0002\0000\0002\0002}{chapter.3}% 32
\BOOKMARK [2][-]{subsection.3.1.1}{\376\377\000D\000e\000f\000i\000n\000i\000n\000g\000\040\000t\000h\000e\000\040\000D\000e\000t\000e\000r\000m\000i\000n\000a\000n\000t}{section.3.1}% 33
\BOOKMARK [1][-]{section.3.2}{\376\377\000L\000e\000c\000t\000u\000r\000e\000\040\0001\0004\000:\000\040\000S\000e\000p\000t\000e\000m\000b\000e\000r\000\040\0002\0003\000,\000\040\0002\0000\0002\0002}{chapter.3}% 34
\BOOKMARK [2][-]{subsection.3.2.1}{\376\377\000D\000e\000t\000e\000r\000m\000i\000n\000a\000n\000t\000s\000\040\000o\000f\000\040\000U\000p\000p\000e\000r\000\040\000T\000r\000i\000a\000n\000g\000u\000l\000a\000r\000\040\000M\000a\000t\000r\000i\000c\000e\000s}{section.3.2}% 35
\BOOKMARK [1][-]{section.3.3}{\376\377\000L\000e\000c\000t\000u\000r\000e\000\040\0001\0005\000:\000\040\000S\000e\000p\000t\000e\000m\000b\000e\000r\000\040\0002\0006\000,\000\040\0002\0000\0002\0002}{chapter.3}% 36
\BOOKMARK [2][-]{subsection.3.3.1}{\376\377\000F\000u\000r\000t\000h\000e\000r\000\040\000P\000r\000o\000p\000e\000r\000t\000i\000e\000s\000\040\000o\000f\000\040\000D\000e\000t\000e\000r\000m\000i\000n\000a\000n\000t\000s}{section.3.3}% 37
\BOOKMARK [2][-]{subsection.3.3.2}{\376\377\000E\000i\000g\000e\000n\000v\000e\000c\000t\000o\000r\000s\000,\000\040\000E\000i\000g\000e\000n\000v\000a\000l\000u\000e\000s\000,\000\040\000a\000n\000d\000\040\000D\000i\000a\000g\000o\000n\000a\000l\000i\000z\000a\000t\000i\000o\000n}{section.3.3}% 38
\BOOKMARK [1][-]{section.3.4}{\376\377\000L\000e\000c\000t\000u\000r\000e\000\040\0001\0006\000:\000\040\000S\000e\000p\000t\000e\000m\000b\000e\000r\000\040\0002\0008\000,\000\040\0002\0000\0002\0002}{chapter.3}% 39
\BOOKMARK [2][-]{subsection.3.4.1}{\376\377\000T\000h\000e\000\040\000P\000r\000o\000c\000e\000s\000s\000\040\000o\000f\000\040\000D\000i\000a\000g\000o\000n\000a\000l\000i\000z\000a\000t\000i\000o\000n\000:\000\040\000P\000a\000r\000t\000\040\000I}{section.3.4}% 40
\BOOKMARK [1][-]{section.3.5}{\376\377\000L\000e\000c\000t\000u\000r\000e\000\040\0001\0007\000:\000\040\000S\000e\000p\000t\000e\000m\000b\000e\000r\000\040\0003\0000\000,\000\040\0002\0000\0002\0002}{chapter.3}% 41
\BOOKMARK [2][-]{subsection.3.5.1}{\376\377\000T\000h\000e\000\040\000P\000r\000o\000c\000e\000s\000s\000\040\000o\000f\000\040\000D\000i\000a\000g\000o\000n\000a\000l\000i\000z\000a\000t\000i\000o\000n\000:\000\040\000P\000a\000r\000t\000\040\000I\000I}{section.3.5}% 42
\BOOKMARK [1][-]{section.3.6}{\376\377\000L\000e\000c\000t\000u\000r\000e\000\040\0001\0008\000:\000\040\000O\000c\000t\000o\000b\000e\000r\000\040\0003\000,\000\040\0002\0000\0002\0002}{chapter.3}% 43
\BOOKMARK [2][-]{subsection.3.6.1}{\376\377\000T\000h\000e\000\040\000P\000r\000o\000c\000e\000s\000s\000\040\000o\000f\000\040\000D\000i\000a\000g\000o\000n\000a\000l\000i\000z\000a\000t\000i\000o\000n\000:\000\040\000P\000a\000r\000t\000\040\000I\000I\000I}{section.3.6}% 44
\BOOKMARK [2][-]{subsection.3.6.2}{\376\377\000U\000s\000i\000n\000g\000\040\000D\000i\000a\000g\000o\000n\000a\000l\000i\000z\000a\000t\000i\000o\000n\000\040\000t\000o\000\040\000R\000a\000i\000s\000e\000\040\000M\000a\000t\000r\000i\000c\000e\000s\000\040\000t\000o\000\040\000P\000o\000w\000e\000r\000s}{section.3.6}% 45
\BOOKMARK [1][-]{section.3.7}{\376\377\000L\000e\000c\000t\000u\000r\000e\000\040\0001\0009\000:\000\040\000O\000c\000t\000o\000b\000e\000r\000\040\0005\000,\000\040\0002\0000\0002\0002}{chapter.3}% 46
\BOOKMARK [2][-]{subsection.3.7.1}{\376\377\000C\000o\000m\000p\000l\000e\000x\000\040\000N\000u\000m\000b\000e\000r\000s}{section.3.7}% 47
\BOOKMARK [1][-]{section.3.8}{\376\377\000L\000e\000c\000t\000u\000r\000e\000\040\0002\0000\000:\000\040\000O\000c\000t\000o\000b\000e\000r\000\040\0007\000,\000\040\0002\0000\0002\0002}{chapter.3}% 48
\BOOKMARK [2][-]{subsection.3.8.1}{\376\377\000D\000i\000a\000g\000o\000n\000a\000l\000i\000z\000a\000t\000i\000o\000n\000\040\000U\000s\000i\000n\000g\000\040\000C\000o\000m\000p\000l\000e\000x\000\040\000E\000i\000g\000e\000n\000v\000a\000l\000u\000e\000s}{section.3.8}% 49
\BOOKMARK [0][-]{chapter.4}{\376\377\000F\000i\000n\000i\000t\000e\000\040\000D\000i\000m\000e\000n\000s\000i\000o\000n\000a\000l\000\040\000V\000e\000c\000t\000o\000r\000\040\000S\000p\000a\000c\000e\000s}{}% 50
\BOOKMARK [1][-]{section.4.1}{\376\377\000L\000e\000c\000t\000u\000r\000e\000\040\0002\0000\000:\000\040\000O\000c\000t\000o\000b\000e\000r\000\040\0007\000,\000\040\0002\0000\0002\0002}{chapter.4}% 51
\BOOKMARK [2][-]{subsection.4.1.1}{\376\377\000T\000h\000e\000\040\000P\000r\000o\000c\000e\000s\000s\000\040\000o\000f\000\040\000A\000b\000s\000t\000r\000a\000c\000t\000i\000o\000n}{section.4.1}% 52
\BOOKMARK [1][-]{section.4.2}{\376\377\000L\000e\000c\000t\000u\000r\000e\000\040\0002\0001\000:\000\040\000O\000c\000t\000o\000b\000e\000r\000\040\0001\0004\000,\000\040\0002\0000\0002\0002}{chapter.4}% 53
\BOOKMARK [2][-]{subsection.4.2.1}{\376\377\000D\000e\000r\000i\000v\000e\000d\000\040\000P\000r\000o\000p\000e\000r\000t\000i\000e\000s\000\040\000o\000f\000\040\000V\000e\000c\000t\000o\000r\000\040\000S\000p\000a\000c\000e\000s}{section.4.2}% 54
\BOOKMARK [1][-]{section.4.3}{\376\377\000L\000e\000c\000t\000u\000r\000e\000\040\0002\0002\000:\000\040\000O\000c\000t\000o\000b\000e\000r\000\040\0001\0007\000,\000\040\0002\0000\0002\0002}{chapter.4}% 55
\BOOKMARK [2][-]{subsection.4.3.1}{\376\377\000S\000u\000b\000s\000p\000a\000c\000e\000s}{section.4.3}% 56
\BOOKMARK [1][-]{section.4.4}{\376\377\000L\000e\000c\000t\000u\000r\000e\000\040\0002\0003\000,\000\040\000O\000c\000t\000o\000b\000e\000r\000\040\0001\0009\000,\000\040\0002\0000\0002\0002}{chapter.4}% 57
\BOOKMARK [2][-]{subsection.4.4.1}{\376\377\000S\000p\000a\000n}{section.4.4}% 58
\BOOKMARK [1][-]{section.4.5}{\376\377\000L\000e\000c\000t\000u\000r\000e\000\040\0002\0004\000:\000\040\000O\000c\000t\000o\000b\000e\000r\000\040\0002\0001\000,\000\040\0002\0000\0002\0002}{chapter.4}% 59
\BOOKMARK [2][-]{subsection.4.5.1}{\376\377\000L\000i\000n\000e\000a\000r\000\040\000I\000n\000d\000e\000p\000e\000n\000d\000e\000n\000c\000e}{section.4.5}% 60
\BOOKMARK [1][-]{section.4.6}{\376\377\000L\000e\000c\000t\000u\000r\000e\000\040\0002\0005\000:\000\040\000O\000c\000t\000o\000b\000e\000r\000\040\0002\0004\000,\000\040\0002\0000\0002\0002}{chapter.4}% 61
\BOOKMARK [2][-]{subsection.4.6.1}{\376\377\000D\000e\000t\000e\000r\000m\000i\000n\000i\000n\000g\000\040\000L\000i\000n\000e\000a\000r\000\040\000I\000n\000d\000e\000p\000e\000n\000d\000e\000n\000c\000e\000\040\000i\000n\000\040\000R\000n}{section.4.6}% 62
\BOOKMARK [2][-]{subsection.4.6.2}{\376\377\000B\000a\000s\000e\000s\000:\000\040\000P\000a\000r\000t\000\040\000I}{section.4.6}% 63
\BOOKMARK [1][-]{section.4.7}{\376\377\000L\000e\000c\000t\000u\000r\000e\000\040\0002\0006\000:\000\040\000O\000c\000t\000o\000b\000e\000r\000\040\0002\0006\000,\000\040\0002\0000\0002\0002}{chapter.4}% 64
\BOOKMARK [2][-]{subsection.4.7.1}{\376\377\000B\000a\000s\000e\000s\000:\000\040\000P\000a\000r\000t\000\040\000I\000I}{section.4.7}% 65
\BOOKMARK [1][-]{section.4.8}{\376\377\000L\000e\000c\000t\000u\000r\000e\000\040\0002\0007\000:\000\040\000O\000c\000t\000o\000b\000e\000r\000\040\0002\0008\000,\000\040\0002\0000\0002\0002}{chapter.4}% 66
\BOOKMARK [2][-]{subsection.4.8.1}{\376\377\000B\000a\000s\000e\000s\000:\000\040\000P\000a\000r\000t\000\040\000I\000I\000I}{section.4.8}% 67
\BOOKMARK [1][-]{section.4.9}{\376\377\000L\000e\000c\000t\000u\000r\000e\000\040\0002\0008\000:\000\040\000O\000c\000t\000o\000b\000e\000r\000\040\0003\0001\000,\000\040\0002\0000\0002\0002}{chapter.4}% 68
\BOOKMARK [2][-]{subsection.4.9.1}{\376\377\000C\000o\000o\000r\000d\000i\000n\000a\000t\000i\000z\000a\000t\000i\000o\000n\000:\000\040\000P\000a\000r\000t\000\040\000I}{section.4.9}% 69
\BOOKMARK [1][-]{section.4.10}{\376\377\000L\000e\000c\000t\000u\000r\000e\000\040\0002\0009\000:\000\040\000N\000o\000v\000e\000m\000b\000e\000r\000\040\0002\000,\000\040\0002\0000\0002\0002}{chapter.4}% 70
\BOOKMARK [2][-]{subsection.4.10.1}{\376\377\000C\000o\000o\000r\000d\000i\000n\000a\000t\000i\000z\000a\000t\000i\000o\000n\000:\000\040\000P\000a\000r\000t\000\040\000I\000I}{section.4.10}% 71
\BOOKMARK [0][-]{chapter.5}{\376\377\000L\000i\000n\000e\000a\000r\000\040\000T\000r\000a\000n\000s\000f\000o\000r\000m\000a\000t\000i\000o\000n\000s}{}% 72
\BOOKMARK [1][-]{section.5.1}{\376\377\000L\000e\000c\000t\000u\000r\000e\000\040\0003\0000\000:\000\040\000N\000o\000v\000e\000m\000b\000e\000r\000\040\0004\000,\000\040\0002\0000\0002\0002}{chapter.5}% 73
\BOOKMARK [2][-]{subsection.5.1.1}{\376\377\000A\000n\000\040\000I\000n\000t\000r\000o\000d\000u\000c\000t\000i\000o\000n\000\040\000t\000o\000\040\000L\000i\000n\000e\000a\000r\000\040\000T\000r\000a\000n\000s\000f\000o\000r\000m\000a\000t\000i\000o\000n\000s}{section.5.1}% 74
\BOOKMARK [1][-]{section.5.2}{\376\377\000L\000e\000c\000t\000u\000r\000e\000\040\0003\0001\000:\000\040\000N\000o\000v\000e\000m\000b\000e\000r\000\040\0007\000,\000\040\0002\0000\0002\0002}{chapter.5}% 75
\BOOKMARK [2][-]{subsection.5.2.1}{\376\377\000L\000i\000n\000e\000a\000r\000\040\000T\000r\000a\000n\000s\000f\000o\000r\000m\000a\000t\000i\000o\000n\000s\000\040\000a\000n\000d\000\040\000B\000a\000s\000e\000s}{section.5.2}% 76
\BOOKMARK [1][-]{section.5.3}{\376\377\000L\000e\000c\000t\000u\000r\000e\000\040\0003\0002\000:\000\040\000N\000o\000v\000e\000m\000b\000e\000r\000\040\0009\000,\000\040\0002\0000\0002\0002}{chapter.5}% 77
\BOOKMARK [2][-]{subsection.5.3.1}{\376\377\000T\000h\000e\000\040\000M\000a\000t\000r\000i\000x\000\040\000o\000f\000\040\000a\000\040\000L\000i\000n\000e\000a\000r\000\040\000T\000r\000a\000n\000s\000f\000o\000r\000m\000a\000t\000i\000o\000n}{section.5.3}% 78
\BOOKMARK [1][-]{section.5.4}{\376\377\000L\000e\000c\000t\000u\000r\000e\000\040\0003\0003\000:\000\040\000N\000o\000v\000e\000m\000b\000e\000r\000\040\0001\0001\000,\000\040\0002\0000\0002\0002}{chapter.5}% 79
\BOOKMARK [2][-]{subsection.5.4.1}{\376\377\000K\000e\000r\000n\000e\000l\000\040\000a\000n\000d\000\040\000R\000a\000n\000g\000e}{section.5.4}% 80
\BOOKMARK [2][-]{subsection.5.4.2}{\376\377\000I\000n\000j\000e\000c\000t\000i\000o\000n\000s\000,\000\040\000S\000u\000r\000j\000e\000c\000t\000i\000o\000n\000s\000,\000\040\000B\000i\000j\000e\000c\000t\000i\000o\000n\000s\000,\000\040\000a\000n\000d\000\040\000I\000s\000o\000m\000o\000r\000p\000h\000i\000s\000m\000s}{section.5.4}% 81
\BOOKMARK [1][-]{section.5.5}{\376\377\000L\000e\000c\000t\000u\000r\000e\000\040\0003\0004\000,\000\040\000N\000o\000v\000e\000m\000b\000e\000r\000\040\0001\0008\000,\000\040\0002\0000\0002\0002}{chapter.5}% 82
\BOOKMARK [2][-]{subsection.5.5.1}{\376\377\000I\000s\000o\000m\000o\000r\000p\000h\000i\000c\000\040\000V\000e\000c\000t\000o\000r\000\040\000S\000p\000a\000c\000e\000s}{section.5.5}% 83
\BOOKMARK [2][-]{subsection.5.5.2}{\376\377\000D\000i\000a\000g\000o\000n\000a\000l\000i\000z\000a\000t\000i\000o\000n\000\040\000o\000f\000\040\000L\000i\000n\000e\000a\000r\000\040\000O\000p\000e\000r\000a\000t\000o\000r\000s}{section.5.5}% 84
\BOOKMARK [0][-]{chapter.6}{\376\377\000O\000r\000t\000h\000o\000g\000o\000n\000a\000l\000i\000t\000y}{}% 85
\BOOKMARK [1][-]{section.6.1}{\376\377\000L\000e\000c\000t\000u\000r\000e\000\040\0003\0005\000:\000\040\000N\000o\000v\000e\000m\000b\000e\000r\000\040\0002\0008\000,\000\040\0002\0000\0002\0002}{chapter.6}% 86
\BOOKMARK [2][-]{subsection.6.1.1}{\376\377\000I\000n\000n\000e\000r\000\040\000P\000r\000o\000d\000u\000c\000t\000\040\000S\000p\000a\000c\000e\000s}{section.6.1}% 87
\BOOKMARK [2][-]{subsection.6.1.2}{\376\377\000O\000r\000t\000h\000o\000n\000o\000r\000m\000a\000l\000\040\000B\000a\000s\000e\000s\000\040\000a\000n\000d\000\040\000t\000h\000e\000\040\000G\000r\000a\000m\000-\000S\000c\000h\000m\000i\000d\000t\000\040\000P\000r\000o\000c\000e\000s\000s}{section.6.1}% 88
\BOOKMARK [1][-]{section.6.2}{\376\377\000L\000e\000c\000t\000u\000r\000e\000\040\0003\0006\000:\000\040\000N\000o\000v\000e\000m\000b\000e\000r\000\040\0003\0000\000,\000\040\0002\0000\0002\0002}{chapter.6}% 89
\BOOKMARK [2][-]{subsection.6.2.1}{\376\377\000O\000r\000t\000h\000o\000g\000o\000n\000a\000l\000\040\000C\000o\000m\000p\000l\000e\000m\000e\000n\000t\000s}{section.6.2}% 90
\BOOKMARK [1][-]{section.6.3}{\376\377\000L\000e\000c\000t\000u\000r\000e\000\040\0003\0007\000:\000\040\000D\000e\000c\000e\000m\000b\000e\000r\000\040\0002\000,\000\040\0002\0000\0002\0002}{chapter.6}% 91
\BOOKMARK [2][-]{subsection.6.3.1}{\376\377\000P\000r\000o\000j\000e\000c\000t\000i\000o\000n\000s\000\040\000O\000n\000t\000o\000\040\000a\000\040\000S\000u\000b\000s\000p\000a\000c\000e}{section.6.3}% 92
\BOOKMARK [1][-]{section.6.4}{\376\377\000L\000e\000c\000t\000u\000r\000e\000\040\0003\0008\000:\000\040\000D\000e\000c\000e\000m\000b\000e\000r\000\040\0005\000,\000\040\0002\0000\0002\0002}{chapter.6}% 93
\BOOKMARK [2][-]{subsection.6.4.1}{\376\377\000O\000r\000t\000h\000o\000g\000o\000n\000a\000l\000\040\000a\000n\000d\000\040\000U\000n\000i\000t\000a\000r\000y\000\040\000M\000a\000t\000r\000i\000c\000e\000s}{section.6.4}% 94
\BOOKMARK [0][-]{chapter*.3}{\376\377\000L\000i\000n\000e\000a\000r\000\040\000A\000l\000g\000e\000b\000r\000a\000\040\000a\000s\000\040\000a\000\040\000W\000o\000r\000d\000\040\000C\000l\000o\000u\000d}{}% 95
\BOOKMARK [0][-]{appendix.A}{\376\377\000I\000n\000t\000r\000o\000d\000u\000c\000t\000i\000o\000n\000\040\000t\000o\000\040\000P\000r\000o\000o\000f\000s}{}% 96
\BOOKMARK [1][-]{section.A.1}{\376\377\000I\000n\000t\000r\000o\000d\000u\000c\000t\000i\000o\000n\000\040\000t\000o\000\040\000P\000r\000o\000o\000f\000s}{appendix.A}% 97
\BOOKMARK [1][-]{section.A.2}{\376\377\000P\000r\000o\000o\000f\000\040\000b\000y\000\040\000I\000n\000d\000u\000c\000t\000i\000o\000n}{appendix.A}% 98
\BOOKMARK [1][-]{section.A.3}{\376\377\000D\000i\000r\000e\000c\000t\000\040\000P\000r\000o\000o\000f\000s}{appendix.A}% 99
\BOOKMARK [1][-]{section.A.4}{\376\377\000P\000r\000o\000o\000f\000\040\000b\000y\000\040\000C\000o\000n\000t\000r\000a\000p\000o\000s\000i\000t\000i\000v\000e}{appendix.A}% 100
\BOOKMARK [1][-]{section.A.5}{\376\377\000P\000r\000o\000o\000f\000\040\000b\000y\000\040\000C\000o\000n\000t\000r\000a\000d\000i\000c\000t\000i\000o\000n}{appendix.A}% 101
\BOOKMARK [1][-]{section.A.6}{\376\377\000C\000o\000m\000b\000i\000n\000a\000t\000o\000r\000i\000a\000l\000\040\000P\000r\000o\000o\000f\000s}{appendix.A}% 102
\BOOKMARK [0][-]{appendix.B}{\376\377\000F\000u\000n\000c\000t\000i\000o\000n\000s}{}% 103
\BOOKMARK [1][-]{section.B.1}{\376\377\000A\000n\000\040\000I\000n\000t\000r\000o\000d\000u\000c\000t\000i\000o\000n\000\040\000t\000o\000\040\000t\000h\000e\000\040\000T\000e\000r\000m\000i\000n\000o\000l\000o\000g\000y\000\040\000o\000f\000\040\000F\000u\000n\000c\000t\000i\000o\000n\000s}{appendix.B}% 104
\BOOKMARK [1][-]{section.B.2}{\376\377\000I\000n\000j\000e\000c\000t\000i\000o\000n\000s\000,\000\040\000S\000u\000r\000j\000e\000c\000t\000i\000o\000n\000s\000,\000\040\000a\000n\000d\000\040\000B\000i\000j\000e\000c\000t\000i\000o\000n\000s}{appendix.B}% 105
\BOOKMARK [1][-]{section.B.3}{\376\377\000C\000o\000m\000p\000o\000s\000i\000t\000i\000o\000n\000\040\000a\000n\000d\000\040\000I\000n\000v\000e\000r\000s\000e\000s}{appendix.B}% 106
\BOOKMARK [1][-]{section.B.4}{\376\377\000T\000h\000e\000\040\000P\000i\000g\000e\000o\000n\000h\000o\000l\000e\000\040\000P\000r\000i\000n\000c\000i\000p\000l\000e}{appendix.B}% 107
\BOOKMARK [1][-]{section.B.5}{\376\377\000T\000h\000e\000\040\000C\000a\000r\000d\000i\000n\000a\000l\000i\000t\000i\000e\000s\000\040\000o\000f\000\040\000S\000e\000t\000s}{appendix.B}% 108
\BOOKMARK [0][-]{appendix.C}{\376\377\000N\000u\000m\000e\000r\000i\000c\000a\000l\000\040\000L\000i\000n\000e\000a\000r\000\040\000A\000l\000g\000e\000b\000r\000a}{}% 109
\BOOKMARK [1][-]{section.C.1}{\376\377\000L\000e\000c\000t\000u\000r\000e\000\040\0001\000:\000\040\000N\000o\000v\000.\000\040\0001\0003\000,\000\040\0002\0000\0002\0004}{appendix.C}% 110
\BOOKMARK [2][-]{subsection.C.1.1}{\376\377\000G\000a\000u\000s\000s\000i\000a\000n\000\040\000E\000l\000i\000m\000i\000n\000a\000t\000i\000o\000n\000\040\000a\000n\000d\000\040\000t\000h\000e\000\040\000L\000U\000\040\000D\000e\000c\000o\000m\000p\000o\000s\000i\000t\000i\000o\000n}{section.C.1}% 111
\BOOKMARK [1][-]{section.C.2}{\376\377\000L\000e\000c\000t\000u\000r\000e\000\040\0002\000:\000\040\000N\000o\000v\000.\000\040\0001\0005\000,\000\040\0002\0000\0002\0004}{appendix.C}% 112
\BOOKMARK [2][-]{subsection.C.2.1}{\376\377\000C\000o\000m\000b\000a\000t\000t\000i\000n\000g\000\040\000I\000n\000s\000t\000a\000b\000i\000l\000i\000t\000y\000:\000\040\000P\000i\000v\000o\000t\000i\000n\000g\000\040\000S\000t\000r\000a\000t\000e\000g\000i\000e\000s}{section.C.2}% 113
\BOOKMARK [1][-]{section.C.3}{\376\377\000L\000e\000c\000t\000u\000r\000e\000\040\0003\000:\000\040\000N\000o\000v\000.\000\040\0001\0008\000,\000\040\0002\0000\0002\0004}{appendix.C}% 114
\BOOKMARK [2][-]{subsection.C.3.1}{\376\377\000P\000r\000o\000j\000e\000c\000t\000i\000o\000n\000\040\000M\000a\000t\000r\000i\000c\000e\000s\000\040\000a\000n\000d\000\040\000t\000h\000e\000\040\000Q\000R\000\040\000D\000e\000c\000o\000m\000p\000o\000s\000i\000t\000i\000o\000n}{section.C.3}% 115
\BOOKMARK [1][-]{section.C.4}{\376\377\000L\000e\000c\000t\000u\000r\000e\000\040\0004\000:\000\040\000N\000o\000v\000.\000\040\0002\0000\000,\000\040\0002\0000\0002\0004}{appendix.C}% 116
\BOOKMARK [2][-]{subsection.C.4.1}{\376\377\000E\000i\000g\000e\000n\000d\000e\000c\000o\000m\000p\000o\000s\000i\000t\000i\000o\000n}{section.C.4}% 117
\BOOKMARK [1][-]{section.C.5}{\376\377\000L\000e\000c\000t\000u\000r\000e\000\040\0005\000:\000\040\000N\000o\000v\000.\000\040\0002\0002\000,\000\040\0002\0000\0002\0004}{appendix.C}% 118
\BOOKMARK [2][-]{subsection.C.5.1}{\376\377\000T\000h\000e\000\040\000Q\000R\000\040\000I\000t\000e\000r\000a\000t\000i\000o\000n\000\040\000t\000o\000\040\000C\000o\000m\000p\000u\000t\000e\000\040\000S\000c\000h\000u\000r\000\040\000D\000e\000c\000o\000m\000p\000o\000s\000i\000t\000i\000o\000n\000s}{section.C.5}% 119
\BOOKMARK [1][-]{section.C.6}{\376\377\000L\000e\000c\000t\000u\000r\000e\000\040\0005\000:\000\040\000D\000e\000c\000.\000\040\0002\000,\000\040\0002\0000\0002\0004}{appendix.C}% 120
\BOOKMARK [2][-]{subsection.C.6.1}{\376\377\000T\000h\000e\000\040\000P\000o\000w\000e\000r\000\040\000M\000e\000t\000h\000o\000d}{section.C.6}% 121
\BOOKMARK [0][-]{appendix*.5}{\376\377\000L\000i\000s\000t\000\040\000o\000f\000\040\000T\000h\000e\000o\000r\000e\000m\000s\000\040\000a\000n\000d\000\040\000D\000e\000f\000i\000n\000i\000t\000i\000o\000n\000s}{}% 122
